TN:
SF:src/tray.js
FN:6,createTray
FN:14,(anonymous_1)
FN:16,(anonymous_2)
FNF:3
FNH:3
FNDA:6,createTray
FNDA:2,(anonymous_1)
FNDA:1,(anonymous_2)
DA:1,1
DA:4,1
DA:7,6
DA:8,6
DA:9,6
DA:10,6
DA:12,6
DA:14,6
DA:15,2
DA:16,1
DA:20,6
DA:23,1
LF:12
LH:12
BRF:0
BRH:0
end_of_record
TN:
SF:src/window.js
FN:6,createWindow
FN:23,(anonymous_1)
FN:29,(anonymous_2)
FN:36,loadYTMusic
FN:40,showWindow
FN:56,toggleWindow
FNF:6
FNH:6
FNDA:8,createWindow
FNDA:2,(anonymous_1)
FNDA:2,(anonymous_2)
FNDA:1,loadYTMusic
FNDA:3,showWindow
FNDA:4,toggleWindow
DA:1,1
DA:4,1
DA:7,8
DA:23,8
DA:24,2
DA:25,1
DA:26,1
DA:29,8
DA:30,2
DA:33,8
DA:37,1
DA:41,3
DA:42,3
DA:43,3
DA:45,3
DA:46,3
DA:48,3
DA:49,3
DA:51,3
DA:52,3
DA:53,3
DA:57,4
DA:58,1
DA:60,3
DA:64,1
LF:25
LH:25
BRDA:24,0,0,1
BRDA:24,0,1,1
BRDA:30,1,0,1
BRDA:30,1,1,1
BRDA:48,2,0,1
BRDA:48,2,1,2
BRDA:49,3,0,2
BRDA:49,3,1,1
BRDA:57,4,0,1
BRDA:57,4,1,3
BRF:10
BRH:10
end_of_record
